Ediciones: <h3>Edici&oacute;n base:</h3><ul><li>_p_head.html</li></ul><br/> at lib_prontus.pm line 954.
Ediciones: <h3>Edici&oacute;n base:</h3><ul><li>inicio.html</li><li>_p_head.html</li></ul><br/> at lib_prontus.pm line 954.
Ediciones: <h3>Edici&oacute;n base:</h3><ul><li>_p_footer.html</li></ul><br/> at lib_prontus.pm line 954.
Ediciones: <h3>Edici&oacute;n base:</h3><ul><li>novedades.html</li></ul><br/> at lib_prontus.pm line 954.
Ediciones: <h3>Edici&oacute;n base:</h3><ul><li>novedades.html</li></ul><br/> at lib_prontus.pm line 954.
Ediciones: <h3>Edici&oacute;n base:</h3><ul><li>novedades.html</li></ul><br/> at lib_prontus.pm line 954.
Ediciones: <h3>Edici&oacute;n base:</h3><ul><li>productos.html</li></ul><br/> at lib_prontus.pm line 954.
Ediciones: <h3>Edici&oacute;n base:</h3><ul><li>inicio.html</li><li>productos.html</li></ul><br/> at lib_prontus.pm line 954.
Ediciones: <h3>Edici&oacute;n base:</h3><ul><li>inicio.html</li></ul><br/> at lib_prontus.pm line 954.
Ediciones: <h3>Edici&oacute;n base:</h3><ul><li>novedades.html</li><li>inicio.html</li><li>productos.html</li></ul><br/> at lib_prontus.pm line 954.
Ediciones: <h3>Edici&oacute;n base:</h3><ul><li>_p_head.html</li></ul><br/> at lib_prontus.pm line 954.
Ediciones: <h3>Edici&oacute;n base:</h3><ul><li>inicio.html</li><li>_p_head.html</li></ul><br/> at lib_prontus.pm line 954.
Ediciones: <h3>Edici&oacute;n base:</h3><ul><li>_p_footer.html</li></ul><br/> at lib_prontus.pm line 954.
Ediciones: <h3>Edici&oacute;n base:</h3><ul><li>novedades.html</li></ul><br/> at lib_prontus.pm line 954.
Ediciones: <h3>Edici&oacute;n base:</h3><ul><li>novedades.html</li></ul><br/> at lib_prontus.pm line 954.
Ediciones: <h3>Edici&oacute;n base:</h3><ul><li>novedades.html</li></ul><br/> at lib_prontus.pm line 954.
Ediciones: <h3>Edici&oacute;n base:</h3><ul><li>productos.html</li></ul><br/> at lib_prontus.pm line 954.
Ediciones: <h3>Edici&oacute;n base:</h3><ul><li>inicio.html</li><li>productos.html</li></ul><br/> at lib_prontus.pm line 954.
Ediciones: <h3>Edici&oacute;n base:</h3><ul><li>inicio.html</li></ul><br/> at lib_prontus.pm line 954.
Ediciones: <h3>Edici&oacute;n base:</h3><ul><li>novedades.html</li><li>inicio.html</li><li>productos.html</li></ul><br/> at lib_prontus.pm line 954.
Ediciones: <h3>Edici&oacute;n base:</h3><ul><li>_p_head.html</li></ul><br/> at lib_prontus.pm line 954.
Ediciones: <h3>Edici&oacute;n base:</h3><ul><li>inicio.html</li><li>_p_head.html</li></ul><br/> at lib_prontus.pm line 954.
Ediciones: <h3>Edici&oacute;n base:</h3><ul><li>_p_footer.html</li></ul><br/> at lib_prontus.pm line 954.
Ediciones: <h3>Edici&oacute;n base:</h3><ul><li>novedades.html</li></ul><br/> at lib_prontus.pm line 954.
Ediciones: <h3>Edici&oacute;n base:</h3><ul><li>novedades.html</li></ul><br/> at lib_prontus.pm line 954.
Ediciones: <h3>Edici&oacute;n base:</h3><ul><li>novedades.html</li></ul><br/> at lib_prontus.pm line 954.
Ediciones: <h3>Edici&oacute;n base:</h3><ul><li>productos.html</li></ul><br/> at lib_prontus.pm line 954.
Ediciones: <h3>Edici&oacute;n base:</h3><ul><li>inicio.html</li><li>productos.html</li></ul><br/> at lib_prontus.pm line 954.
Ediciones: <h3>Edici&oacute;n base:</h3><ul><li>inicio.html</li></ul><br/> at lib_prontus.pm line 954.
Ediciones: <h3>Edici&oacute;n base:</h3><ul><li>novedades.html</li><li>inicio.html</li><li>productos.html</li></ul><br/> at lib_prontus.pm line 954.
